{"/Users/toddbrunia/git/todd-coin-constants/src/index.ts": {"path":"/Users/toddbrunia/git/todd-coin-constants/src/index.ts","statementMap":{"0":{"start":{"line":1,"column":26},"end":{"line":1,"column":27}},"1":{"start":{"line":2,"column":29},"end":{"line":2,"column":31}},"2":{"start":{"line":3,"column":30},"end":{"line":3,"column":32}},"3":{"start":{"line":4,"column":42},"end":{"line":4,"column":45}},"4":{"start":{"line":5,"column":26},"end":{"line":5,"column":27}},"5":{"start":{"line":6,"column":33},"end":{"line":6,"column":35}},"6":{"start":{"line":7,"column":33},"end":{"line":7,"column":36}},"7":{"start":{"line":9,"column":2},"end":{"line":9,"column":68}},"8":{"start":{"line":10,"column":38},"end":{"line":10,"column":76}},"9":{"start":{"line":12,"column":2},"end":{"line":12,"column":134}},"10":{"start":{"line":13,"column":32},"end":{"line":13,"column":70}},"11":{"start":{"line":14,"column":38},"end":{"line":14,"column":76}},"12":{"start":{"line":15,"column":29},"end":{"line":15,"column":30}}},"fnMap":{},"branchMap":{},"s":{"0":1,"1":1,"2":1,"3":1,"4":1,"5":1,"6":1,"7":1,"8":1,"9":1,"10":1,"11":1,"12":1},"f":{},"b":{},"_coverageSchema":"1a1c01bbd47fc00a2c39e90264f33305004495a9","hash":"d2a0c84f19dc0a8f580b3f10a5f37c03e8c9783d"}
}
